This is e-upTeX, Version 3.14159265-p3.5-u1.11-130605-2.6 (utf8.uptex) (TeX Live 2014) (preloaded format=uplatex 2014.12.20)  5 FEB 2015 08:33
entering extended mode
 restricted \write18 enabled.
 %&-line parsing enabled.
**document.tex
(./document.tex
pLaTeX2e <2011/05/07u00>+0 (based on LaTeX2e <2014/05/01> patch level 0)
Babel <3.9l> and hyphenation patterns for 79 languages loaded.
(/usr/local/texlive/2014/texmf-dist/tex/platex/jsclasses/jsbook.cls
Document Class: jsbook 2014/02/07 okumura
LaTeX Info: Redefining \rmfamily on input line 359.
LaTeX Info: Redefining \sffamily on input line 362.
LaTeX Info: Redefining \ttfamily on input line 365.
\symmincho=\mathgroup4
LaTeX Font Info:    Overwriting symbol font `mincho' in version `bold'
(Font)                  JY2/mc/m/n --> JY2/gt/m/n on input line 430.
LaTeX Font Info:    Font shape `JT2/mc/m/n' will be
(Font)              scaled to size 9.24683pt on input line 620.
LaTeX Font Info:    Font shape `JY2/mc/m/n' will be
(Font)              scaled to size 9.24683pt on input line 620.
\fullwidth=\dimen118
LaTeX Font Info:    Font shape `JT2/mc/m/n' will be
(Font)              scaled to size 7.39746pt on input line 775.
LaTeX Font Info:    Font shape `JY2/mc/m/n' will be
(Font)              scaled to size 7.39746pt on input line 775.
\c@part=\count81
\c@chapter=\count82
\c@section=\count83
\c@subsection=\count84
\c@subsubsection=\count85
\c@paragraph=\count86
\c@subparagraph=\count87
\c@figure=\count88
\c@table=\count89
\abovecaptionskip=\skip41
\belowcaptionskip=\skip42
\js@tocl@width=\dimen119
\@lnumwidth=\dimen120
\bibindent=\dimen121
LaTeX Info: Redefining \TeX on input line 1815.
LaTeX Info: Redefining \LaTeX on input line 1841.
LaTeX Info: Redefining \LaTeXe on input line 1866.
\heisei=\count90
) (/usr/local/texlive/2014/texmf-dist/tex/latex/graphics/graphicx.sty
Package: graphicx 2014/10/28 v1.0g Enhanced LaTeX Graphics (DPC,SPQR)

(/usr/local/texlive/2014/texmf-dist/tex/latex/graphics/keyval.sty
Package: keyval 2014/10/28 v1.15 key=value parser (DPC)
\KV@toks@=\toks15
)
(/usr/local/texlive/2014/texmf-dist/tex/latex/graphics/graphics.sty
Package: graphics 2014/10/28 v1.0p Standard LaTeX Graphics (DPC,SPQR)

(/usr/local/texlive/2014/texmf-dist/tex/latex/graphics/trig.sty
Package: trig 1999/03/16 v1.09 sin cos tan (DPC)
)
(/usr/local/texlive/2014/texmf-dist/tex/latex/latexconfig/graphics.cfg
File: graphics.cfg 2010/04/23 v1.9 graphics configuration of TeX Live
)
Package graphics Info: Driver file: dvips.def on input line 91.

(/usr/local/texlive/2014/texmf-dist/tex/latex/graphics/dvips.def
File: dvips.def 2014/10/14 v3.0j Driver-dependent file (DPC,SPQR)
))
\Gin@req@height=\dimen122
\Gin@req@width=\dimen123
)
(/usr/local/texlive/2014/texmf-dist/tex/latex/amsmath/amsmath.sty
Package: amsmath 2013/01/14 v2.14 AMS math features
\@mathmargin=\skip43

For additional information on amsmath, use the `?' option.
(/usr/local/texlive/2014/texmf-dist/tex/latex/amsmath/amstext.sty
Package: amstext 2000/06/29 v2.01

(/usr/local/texlive/2014/texmf-dist/tex/latex/amsmath/amsgen.sty
File: amsgen.sty 1999/11/30 v2.0
\@emptytoks=\toks16
\ex@=\dimen124
))
(/usr/local/texlive/2014/texmf-dist/tex/latex/amsmath/amsbsy.sty
Package: amsbsy 1999/11/29 v1.2d
\pmbraise@=\dimen125
)
(/usr/local/texlive/2014/texmf-dist/tex/latex/amsmath/amsopn.sty
Package: amsopn 1999/12/14 v2.01 operator names
)
\inf@bad=\count91
LaTeX Info: Redefining \frac on input line 210.
\uproot@=\count92
\leftroot@=\count93
LaTeX Info: Redefining \overline on input line 306.
\classnum@=\count94
\DOTSCASE@=\count95
LaTeX Info: Redefining \ldots on input line 378.
LaTeX Info: Redefining \dots on input line 381.
LaTeX Info: Redefining \cdots on input line 466.
\Mathstrutbox@=\box41
\strutbox@=\box42
\big@size=\dimen126
LaTeX Font Info:    Redeclaring font encoding OML on input line 566.
LaTeX Font Info:    Redeclaring font encoding OMS on input line 567.
\macc@depth=\count96
\c@MaxMatrixCols=\count97
\dotsspace@=\muskip10
\c@parentequation=\count98
\dspbrk@lvl=\count99
\tag@help=\toks17
\row@=\count100
\column@=\count101
\maxfields@=\count102
\andhelp@=\toks18
\eqnshift@=\dimen127
\alignsep@=\dimen128
\tagshift@=\dimen129
\tagwidth@=\dimen130
\totwidth@=\dimen131
\lineht@=\dimen132
\@envbody=\toks19
\multlinegap=\skip44
\multlinetaggap=\skip45
\mathdisplay@stack=\toks20
LaTeX Info: Redefining \[ on input line 2665.
LaTeX Info: Redefining \] on input line 2666.
)
(/usr/local/texlive/2014/texmf-dist/tex/latex/amsfonts/amssymb.sty
Package: amssymb 2013/01/14 v3.01 AMS font symbols

(/usr/local/texlive/2014/texmf-dist/tex/latex/amsfonts/amsfonts.sty
Package: amsfonts 2013/01/14 v3.01 Basic AMSFonts support
\symAMSa=\mathgroup5
\symAMSb=\mathgroup6
LaTeX Font Info:    Overwriting math alphabet `\mathfrak' in version `bold'
(Font)                  U/euf/m/n --> U/euf/b/n on input line 106.
))
(/usr/local/texlive/2014/texmf-dist/tex/latex/tools/theorem.sty
Package: theorem 2014/10/28 v2.2c Theorem extension package (FMi)
\theorem@style=\toks21
\theorem@bodyfont=\toks22
\theorempreskipamount=\skip46
\theorempostskipamount=\skip47

(/usr/local/texlive/2014/texmf-dist/tex/latex/tools/thp.sty
File: thp.sty 2014/10/28 v2.2c Theorem extension package (FMi)
))
(/usr/local/texlive/2014/texmf-dist/tex/latex/tools/bm.sty
Package: bm 2014/10/28 v1.1c Bold Symbol Support (DPC/FMi)
\symboldoperators=\mathgroup7
\symboldletters=\mathgroup8
\symboldsymbols=\mathgroup9
\symboldmincho=\mathgroup10
LaTeX Font Info:    Redeclaring math alphabet \mathbf on input line 137.
LaTeX Info: Redefining \bm on input line 203.
)
(/usr/local/texlive/2014/texmf-dist/tex/platex/base/ascmac.sty
(/usr/local/texlive/2014/texmf-dist/tex/platex/base/tascmac.sty
\@savetbaselineshift=\dimen133
\@saveybaselineshift=\dimen134
\scb@x=\box43
\scscb@x=\box44
\@bw=\dimen135
\@nbox=\box45
\@nbody=\box46
\@scw=\dimen136
\@itemh=\dimen137
\@iboxpos=\toks23
\@iboxstr=\box47
\@bwsp=\box48
\@@bwsp=\box49
\@bcal=\count103
\shaderule=\dimen138
))
(/usr/local/texlive/2014/texmf-dist/tex/latex/subfigure/subfigure.sty
Package: subfigure 2002/03/15 v2.1.5 subfigure package
\subfigtopskip=\skip48
\subfigcapskip=\skip49
\subfigcaptopadj=\dimen139
\subfigbottomskip=\skip50
\subfigcapmargin=\dimen140
\subfiglabelskip=\skip51
\c@subfigure=\count104
\c@lofdepth=\count105
\c@subtable=\count106
\c@lotdepth=\count107

****************************************
* Local config file subfigure.cfg used *
****************************************
(/usr/local/texlive/2014/texmf-dist/tex/latex/subfigure/subfigure.cfg)
\subfig@top=\skip52
\subfig@bottom=\skip53
)
(/usr/local/texlive/2014/texmf-dist/tex/latex/tools/multicol.sty
Package: multicol 2014/10/28 v1.8i multicolumn formatting (FMi)
\c@tracingmulticols=\count108
\mult@box=\box50
\multicol@leftmargin=\dimen141
\c@unbalance=\count109
\c@collectmore=\count110
\doublecol@number=\count111
\multicoltolerance=\count112
\multicolpretolerance=\count113
\full@width=\dimen142
\page@free=\dimen143
\premulticols=\dimen144
\postmulticols=\dimen145
\multicolsep=\skip54
\multicolbaselineskip=\skip55
\partial@page=\box51
\last@line=\box52
\maxbalancingoverflow=\dimen146
\mult@rightbox=\box53
\mult@grightbox=\box54
\mult@gfirstbox=\box55
\mult@firstbox=\box56
\@tempa=\box57
\@tempa=\box58
\@tempa=\box59
\@tempa=\box60
\@tempa=\box61
\@tempa=\box62
\@tempa=\box63
\@tempa=\box64
\@tempa=\box65
\@tempa=\box66
\@tempa=\box67
\@tempa=\box68
\@tempa=\box69
\@tempa=\box70
\@tempa=\box71
\@tempa=\box72
\@tempa=\box73
\c@columnbadness=\count114
\c@finalcolumnbadness=\count115
\last@try=\dimen147
\multicolovershoot=\dimen148
\multicolundershoot=\dimen149
\mult@nat@firstbox=\box74
\colbreak@box=\box75
\mc@col@check@num=\count116
)
(/usr/local/texlive/2014/texmf-dist/tex/latex/setspace/setspace.sty
Package: setspace 2011/12/19 v6.7a set line spacing
)
(/usr/local/texlive/texmf-local/tex/latex/local/mediabb.sty
Package: mediabb 2006/10/26 v1.9 iNOUE Koich! <inoue@ma.ns.musashi-tech.ac.jp>
)
(/usr/local/texlive/2014/texmf-dist/tex/latex/float/float.sty
Package: float 2001/11/08 v1.3d Float enhancements (AL)
\c@float@type=\count117
\float@exts=\toks24
\float@box=\box76
\@float@everytoks=\toks25
\@floatcapt=\box77
)
(/usr/local/texlive/2014/texmf-dist/tex/latex/base/latexsym.sty
Package: latexsym 1998/08/17 v2.2e Standard LaTeX package (lasy symbols)
\symlasy=\mathgroup11
LaTeX Font Info:    Overwriting symbol font `lasy' in version `bold'
(Font)                  U/lasy/m/n --> U/lasy/b/n on input line 47.
)
(/usr/local/texlive/2014/texmf-dist/tex/latex/url/url.sty
\Urlmuskip=\muskip11
Package: url 2013/09/16  ver 3.4  Verb mode for urls, etc.
)
(/usr/local/texlive/2014/texmf-dist/tex/latex/cite/cite.sty
LaTeX Info: Redefining \cite on input line 302.
LaTeX Info: Redefining \nocite on input line 373.
Package: cite 2010/09/10  v 5.3
)
(/usr/local/texlive/2014/texmf-dist/tex/latex/tools/layout.sty
Package: layout 2014/10/28 v1.2c Show layout parameters
\oneinch=\count118
\cnt@paperwidth=\count119
\cnt@paperheight=\count120
\cnt@hoffset=\count121
\cnt@voffset=\count122
\cnt@textheight=\count123
\cnt@textwidth=\count124
\cnt@topmargin=\count125
\cnt@oddsidemargin=\count126
\cnt@evensidemargin=\count127
\cnt@headheight=\count128
\cnt@headsep=\count129
\cnt@marginparsep=\count130
\cnt@marginparwidth=\count131
\cnt@marginparpush=\count132
\cnt@footskip=\count133
\fheight=\count134
\ref@top=\count135
\ref@hoffset=\count136
\ref@voffset=\count137
\ref@head=\count138
\ref@body=\count139
\ref@foot=\count140
\ref@margin=\count141
\ref@marginwidth=\count142
\ref@marginpar=\count143
\Interval=\count144
\ExtraYPos=\count145
\PositionX=\count146
\PositionY=\count147
\ArrowLength=\count148
)
(/usr/local/texlive/2014/texmf-dist/tex/latex/tools/verbatim.sty
Package: verbatim 2014/10/28 v1.5q LaTeX2e package for verbatim enhancements
\every@verbatim=\toks26
\verbatim@line=\toks27
\verbatim@in@stream=\read1
)
(/usr/local/texlive/2014/texmf-dist/tex/latex/wrapfig/wrapfig.sty
\wrapoverhang=\dimen150
\WF@size=\dimen151
\c@WF@wrappedlines=\count149
\WF@box=\box78
\WF@everypar=\toks28
Package: wrapfig 2003/01/31  v 3.6
)
(/usr/local/texlive/2014/texmf-dist/tex/latex/base/makeidx.sty
Package: makeidx 2014/09/29 v1.0m Standard LaTeX package
)
(/usr/local/texlive/2014/texmf-dist/tex/latex/booktabs/booktabs.sty
Package: booktabs 2005/04/14 v1.61803 publication quality tables
\heavyrulewidth=\dimen152
\lightrulewidth=\dimen153
\cmidrulewidth=\dimen154
\belowrulesep=\dimen155
\belowbottomsep=\dimen156
\aboverulesep=\dimen157
\abovetopsep=\dimen158
\cmidrulesep=\dimen159
\cmidrulekern=\dimen160
\defaultaddspace=\dimen161
\@cmidla=\count150
\@cmidlb=\count151
\@aboverulesep=\dimen162
\@belowrulesep=\dimen163
\@thisruleclass=\count152
\@lastruleclass=\count153
\@thisrulewidth=\dimen164
)
(/usr/local/texlive/2014/texmf-dist/tex/latex/multirow/multirow.sty
\bigstrutjot=\dimen165
)
(/usr/local/texlive/2014/texmf-dist/tex/latex/algorithms/algorithm.sty
Package: algorithm 2009/08/24 v0.1 Document Style `algorithm' - floating enviro
nment

(/usr/local/texlive/2014/texmf-dist/tex/latex/base/ifthen.sty
Package: ifthen 2014/09/29 v1.1c Standard LaTeX ifthen package (DPC)
)
\@float@every@algorithm=\toks29
\c@algorithm=\count154
)
(/usr/local/texlive/2014/texmf-dist/tex/latex/algorithms/algorithmic.sty
Package: algorithmic 2009/08/24 v0.1 Document Style `algorithmic'
\c@ALC@unique=\count155
\c@ALC@line=\count156
\c@ALC@rem=\count157
\c@ALC@depth=\count158
\ALC@tlm=\skip56
\algorithmicindent=\skip57
)
\@indexfile=\write3
\openout3 = `document.idx'.


Writing index file document.idx
(./document.aux (./introduction.aux) (./related_work.aux)
(./datacenter_network.aux) (./motivated_work.aux

LaTeX Warning: Label `sec:analysis' multiply defined.

) (./proposal.aux) (./evaluation.aux) (./consideration.aux) (./conclusion.aux)
(./my_work.aux

LaTeX Warning: Label `mywork_1' multiply defined.


LaTeX Warning: Label `mywork_2' multiply defined.

) (./thanks.aux))
\openout1 = `document.aux'.

LaTeX Font Info:    Checking defaults for OML/cmm/m/it on input line 103.
LaTeX Font Info:    ... okay on input line 103.
LaTeX Font Info:    Checking defaults for T1/cmr/m/n on input line 103.
LaTeX Font Info:    ... okay on input line 103.
LaTeX Font Info:    Checking defaults for OT1/cmr/m/n on input line 103.
LaTeX Font Info:    ... okay on input line 103.
LaTeX Font Info:    Checking defaults for OMS/cmsy/m/n on input line 103.
LaTeX Font Info:    ... okay on input line 103.
LaTeX Font Info:    Checking defaults for OMX/cmex/m/n on input line 103.
LaTeX Font Info:    ... okay on input line 103.
LaTeX Font Info:    Checking defaults for U/cmr/m/n on input line 103.
LaTeX Font Info:    ... okay on input line 103.
LaTeX Font Info:    Checking defaults for JY2/mc/m/n on input line 103.
LaTeX Font Info:    ... okay on input line 103.
LaTeX Font Info:    Checking defaults for JT2/mc/m/n on input line 103.
LaTeX Font Info:    ... okay on input line 103.
LaTeX Font Info:    Font shape `JT2/mc/m/n' will be
(Font)              scaled to size 19.17792pt on input line 106.
LaTeX Font Info:    Font shape `JY2/mc/m/n' will be
(Font)              scaled to size 19.17792pt on input line 106.
LaTeX Font Info:    Font shape `JT2/mc/m/n' will be
(Font)              scaled to size 15.9785pt on input line 106.
LaTeX Font Info:    Font shape `JY2/mc/m/n' will be
(Font)              scaled to size 15.9785pt on input line 106.
LaTeX Font Info:    Font shape `JT2/mc/m/n' will be
(Font)              scaled to size 13.31541pt on input line 106.
LaTeX Font Info:    Font shape `JY2/mc/m/n' will be
(Font)              scaled to size 13.31541pt on input line 106.
 [1

]
LaTeX Font Info:    Font shape `JT2/mc/m/n' will be
(Font)              scaled to size 11.09619pt on input line 110.
LaTeX Font Info:    Font shape `JY2/mc/m/n' will be
(Font)              scaled to size 11.09619pt on input line 110.
LaTeX Font Info:    Font shape `JT2/mc/bx/n' in size <12> not available
(Font)              Font shape `JT2/gt/m/n' tried instead on input line 110.
LaTeX Font Info:    Font shape `JT2/gt/m/n' will be
(Font)              scaled to size 11.09619pt on input line 110.
LaTeX Font Info:    Font shape `JY2/mc/bx/n' in size <12> not available
(Font)              Font shape `JY2/gt/m/n' tried instead on input line 110.
LaTeX Font Info:    Font shape `JY2/gt/m/n' will be
(Font)              scaled to size 11.09619pt on input line 110.
 [2

]
LaTeX Font Info:    Font shape `JT2/mc/bx/n' in size <10> not available
(Font)              Font shape `JT2/gt/m/n' tried instead on input line 152.
LaTeX Font Info:    Font shape `JT2/gt/m/n' will be
(Font)              scaled to size 9.24683pt on input line 152.
LaTeX Font Info:    Font shape `JY2/mc/bx/n' in size <10> not available
(Font)              Font shape `JY2/gt/m/n' tried instead on input line 152.
LaTeX Font Info:    Font shape `JY2/gt/m/n' will be
(Font)              scaled to size 9.24683pt on input line 152.
LaTeX Font Info:    Font shape `JT2/mc/m/n' will be
(Font)              scaled to size 23.0061pt on input line 152.
LaTeX Font Info:    Font shape `JY2/mc/m/n' will be
(Font)              scaled to size 23.0061pt on input line 152.
LaTeX Font Info:    Font shape `JT2/mc/bx/n' in size <24.88> not available
(Font)              Font shape `JT2/gt/m/n' tried instead on input line 152.
LaTeX Font Info:    Font shape `JT2/gt/m/n' will be
(Font)              scaled to size 23.0061pt on input line 152.
LaTeX Font Info:    Font shape `JY2/mc/bx/n' in size <24.88> not available
(Font)              Font shape `JY2/gt/m/n' tried instead on input line 152.
LaTeX Font Info:    Font shape `JY2/gt/m/n' will be
(Font)              scaled to size 23.0061pt on input line 152.
 (./document.toc
LaTeX Font Info:    Font shape `JY2/mc/m/n' will be
(Font)              scaled to size 6.47278pt on input line 2.
LaTeX Font Info:    Font shape `JY2/mc/m/n' will be
(Font)              scaled to size 4.62341pt on input line 2.
LaTeX Font Info:    Try loading font information for U+msa on input line 2.

(/usr/local/texlive/2014/texmf-dist/tex/latex/amsfonts/umsa.fd
File: umsa.fd 2013/01/14 v3.01 AMS symbols A
)
LaTeX Font Info:    Try loading font information for U+msb on input line 2.

(/usr/local/texlive/2014/texmf-dist/tex/latex/amsfonts/umsb.fd
File: umsb.fd 2013/01/14 v3.01 AMS symbols B
)
LaTeX Font Info:    Font shape `JY2/gt/m/n' will be
(Font)              scaled to size 6.47278pt on input line 2.
LaTeX Font Info:    Font shape `JY2/gt/m/n' will be
(Font)              scaled to size 4.62341pt on input line 2.
LaTeX Font Info:    Try loading font information for U+lasy on input line 2.

(/usr/local/texlive/2014/texmf-dist/tex/latex/base/ulasy.fd
File: ulasy.fd 1998/08/17 v2.2e LaTeX symbol font definitions
) [1



])
\tf@toc=\write4
\openout4 = `document.toc'.

 [2]
(./document.lof [1



])
\tf@lof=\write5
\openout5 = `document.lof'.

 [2] (./document.lot)
\tf@lot=\write6
\openout6 = `document.lot'.

 [1



]
\openout2 = `introduction.aux'.

 (./introduction.tex
第1章
LaTeX Font Info:    Font shape `JT2/mc/bx/n' in size <20.74> not available
(Font)              Font shape `JT2/gt/m/n' tried instead on input line 1.
LaTeX Font Info:    Font shape `JT2/gt/m/n' will be
(Font)              scaled to size 19.17792pt on input line 1.
LaTeX Font Info:    Font shape `JY2/mc/bx/n' in size <20.74> not available
(Font)              Font shape `JY2/gt/m/n' tried instead on input line 1.
LaTeX Font Info:    Font shape `JY2/gt/m/n' will be
(Font)              scaled to size 19.17792pt on input line 1.
LaTeX Font Info:    Font shape `JT2/mc/bx/n' in size <14.4> not available
(Font)              Font shape `JT2/gt/m/n' tried instead on input line 3.
LaTeX Font Info:    Font shape `JT2/gt/m/n' will be
(Font)              scaled to size 13.31541pt on input line 3.
LaTeX Font Info:    Font shape `JY2/mc/bx/n' in size <14.4> not available
(Font)              Font shape `JY2/gt/m/n' tried instead on input line 3.
LaTeX Font Info:    Font shape `JY2/gt/m/n' will be
(Font)              scaled to size 13.31541pt on input line 3.
[1




] [2] [3]) [4]
\openout2 = `related_work.aux'.

 (./related_work.tex
第2章
LaTeX Font Info:    Font shape `JY2/mc/m/n' will be
(Font)              scaled to size 5.5481pt on input line 17.
LaTeX Font Info:    Font shape `JY2/gt/m/n' will be
(Font)              scaled to size 7.39746pt on input line 17.
LaTeX Font Info:    Font shape `JY2/gt/m/n' will be
(Font)              scaled to size 5.5481pt on input line 17.

Underfull \hbox (badness 10000) in paragraph at lines 30--30
[]\OT1/cmr/m/n/8 Prioritizing
 []


Underfull \hbox (badness 1137) in paragraph at lines 31--31
[]\OT1/cmr/m/n/8 Flow dead-
 []


Underfull \hbox (badness 10000) in paragraph at lines 43--43
[]\OT1/cmr/m/n/8 Application
 []


Underfull \hbox (badness 10000) in paragraph at lines 44--44
[]|\OT1/cmr/m/n/8 mean
 []


Underfull \hbox (badness 10000) in paragraph at lines 56--56
[]|\OT1/cmr/m/n/8 mean
 []

LaTeX Font Info:    Font shape `JT2/mc/m/n' will be
(Font)              scaled to size 8.32214pt on input line 70.
LaTeX Font Info:    Font shape `JY2/mc/m/n' will be
(Font)              scaled to size 8.32214pt on input line 70.
[5



]
File: ./img/DCTCP.pdf Graphic file (type pdf)
 <./img/DCTCP.pdf> [6] [7] [8] [9]
File: ./img/fair_share.pdf Graphic file (type pdf)
 <./img/fair_share.pdf>
LaTeX Font Info:    Font shape `JY2/gt/m/n' will be
(Font)              scaled to size 8.32214pt on input line 235.
 [10] [11] [12]
File: ./img/detal.pdf Graphic file (type pdf)

<./img/detal.pdf> [13]
File: ./img/repflow_ie.pdf Graphic file (type pdf)
 <./img/repflow_ie.pdf>
LaTeX Font Info:    Try loading font information for OMS+cmr on input line 386.


(/usr/local/texlive/2014/texmf-dist/tex/latex/base/omscmr.fd
File: omscmr.fd 2014/09/29 v2.5h Standard LaTeX font definitions
)
LaTeX Font Info:    Font shape `OMS/cmr/m/n' in size <10> not available
(Font)              Font shape `OMS/cmsy/m/n' tried instead on input line 386.
) [14] [15]
\openout2 = `datacenter_network.aux'.


(./datacenter_network.tex
第3章
File: ./img/hierarchy_topology.pdf Graphic file (type pdf)
<./img/hierarchy_topology.pdf>

LaTeX Warning: `h' float specifier changed to `ht'.

File: ./img/fattree_topology.pdf Graphic file (type pdf)
<./img/fattree_topology.pdf>

LaTeX Warning: `h' float specifier changed to `ht'.

File: ./img/bcube.pdf Graphic file (type pdf)
<./img/bcube.pdf>

LaTeX Warning: `h' float specifier changed to `ht'.

[16



] [17]
Overfull \hbox (7.84976pt too wide) in paragraph at lines 105--108
[]
 []

[18]
LaTeX Font Info:    Font shape `JT2/mc/m/n' will be
(Font)              scaled to size 6.47278pt on input line 122.
LaTeX Font Info:    Font shape `JT2/mc/m/n' will be
(Font)              scaled to size 5.5481pt on input line 123.
 [19]
LaTeX Font Info:    Font shape `JT2/mc/m/it' in size <10> not available
(Font)              Font shape `JT2/mc/m/n' tried instead on input line 167.
LaTeX Font Info:    Font shape `JT2/mc/m/n' will be
(Font)              scaled to size 9.24683pt on input line 167.
LaTeX Font Info:    Font shape `JY2/mc/m/it' in size <10> not available
(Font)              Font shape `JY2/mc/m/n' tried instead on input line 167.
LaTeX Font Info:    Font shape `JY2/mc/m/n' will be
(Font)              scaled to size 9.24683pt on input line 167.
 [20] [21] [22]
File: ./img/OLDI.pdf Graphic file (type pdf)
 <./img/OLDI.pdf>) [23]
\openout2 = `motivated_work.aux'.

 (./motivated_work.tex
第4章
[24



]
File: ./img/pure_query.pdf Graphic file (type pdf)
 <./img/pure_query.pdf>
File: ./img/mix_query.pdf Graphic file (type pdf)
 <./img/mix_query.pdf> [25]
File: ./img/mix_short.pdf Graphic file (type pdf)
 <./img/mix_short.pdf>
[26]
File: ./img/fattree_rep.pdf Graphic file (type pdf)
 <./img/fattree_rep.pdf> [27]
File: ./img/flow_comp.pdf Graphic file (type pdf)
 <./img/flow_comp.pdf> [28] [29]
File: ./img/full_intensive.pdf Graphic file (type pdf)

<./img/full_intensive.pdf>
File: ./img/flow_comp.pdf Graphic file (type pdf)
 <./img/flow_comp.pdf> [30]
File: ./img/cdf_rep.pdf Graphic file (type pdf)
 <./img/cdf_rep.pdf>
[31]
File: ./img/constant.pdf Graphic file (type pdf)
 <./img/constant.pdf>
File: ./img/constant_cdf.pdf Graphic file (type pdf)
 <./img/constant_cdf.pdf>
File: ./img/constant_conc.pdf Graphic file (type pdf)
 <./img/constant_conc.pdf>
[32]
File: ./img/job.pdf Graphic file (type pdf)
 <./img/job.pdf>
File: ./img/job_cdf.pdf Graphic file (type pdf)
 <./img/job_cdf.pdf>
File: ./img/job_conc.pdf Graphic file (type pdf)
 <./img/job_conc.pdf> [33] [34]
File: ./img/impairments.pdf Graphic file (type pdf)

<./img/impairments.pdf> [35] [36]
File: ./img/topology_ns3.pdf Graphic file (type pdf)
 <./img/topology_ns3.pdf>
File: ./img/topology_real.pdf Graphic file (type pdf)

<./img/topology_real.pdf> [37] [38]
File: ./img/switch_verif.pdf Graphic file (type pdf)
 <./img/switch_verif.pdf>
File: ./img/real_eth0.pdf Graphic file (type pdf)

<./img/real_eth0.pdf> [39] [40]
File: ./img/load_test.pdf Graphic file (type pdf)
 <./img/load_test.pdf>) [41]
\openout2 = `proposal.aux'.

 (./proposal.tex
第5章
[42



]
File: ./img/schenario.pdf Graphic file (type pdf)
 <./img/schenario.pdf> [43] [44]
File: ./img/dhft.pdf Graphic file (type pdf)
 <./img/dhft.pdf> [45] [46]
File: ./img/lane_model.pdf Graphic file (type pdf)

<./img/lane_model.pdf> [47] [48] [49] [50]
LaTeX Font Info:    Font shape `JT2/mc/m/n' will be
(Font)              scaled to size 4.62341pt on input line 353.
 [51] [52]) [53]
\openout2 = `evaluation.aux'.

 (./evaluation.tex
第6章
[54



] [55]
File: ./img/basic_comp.pdf Graphic file (type pdf)
 <./img/basic_comp.pdf>
File: ./img/basic_dead.pdf Graphic file (type pdf)
 <./img/basic_dead.pdf> [56]
File: ./img/basic_cost.pdf Graphic file (type pdf)

<./img/basic_cost.pdf> [57]
File: ./img/evalu2.pdf Graphic file (type pdf)
 <./img/evalu2.pdf> [58]
File: ./img/eval2_avr.pdf Graphic file (type pdf)
 <./img/eval2_avr.pdf>
[59]
File: ./img/eval2_tail.pdf Graphic file (type pdf)
 <./img/eval2_tail.pdf> [60]
File: ./img/websearch.pdf Graphic file (type pdf)
 <./img/websearch.pdf> [61]
File: ./img/datamining.pdf Graphic file (type pdf)

<./img/datamining.pdf> [62]
File: ./img/websearch_avr.pdf Graphic file (type pdf)
 <./img/websearch_avr.pdf> [63]
File: ./img/websearch_tail.pdf Graphic file (type pdf)

<./img/websearch_tail.pdf>
File: ./img/mining_avr.pdf Graphic file (type pdf)
 <./img/mining_avr.pdf>
File: ./img/mining_tail.pdf Graphic file (type pdf)
 <./img/mining_tail.pdf>
[64] [65]
File: ./img/link_utilization.pdf Graphic file (type pdf)
 <./img/link_utilization.pdf> [66]) [67]
\openout2 = `consideration.aux'.

 (./consideration.tex
第7章
[68



]
File: ./img/param_alpha.pdf Graphic file (type pdf)
 <./img/param_alpha.pdf> [69]
File: ./img/param_gamma.pdf Graphic file (type pdf)
 <./img/param_gamma.pdf> [70]

LaTeX Warning: Reference `sec:throughput' on page 71 undefined on input line 90
.


LaTeX Warning: Reference `sec:throughput' on page 71 undefined on input line 96
.


LaTeX Warning: Reference `sec:throughput' on page 71 undefined on input line 10
7.

[71]
File: ./img/sl2_ll1.pdf Graphic file (type pdf)
 <./img/sl2_ll1.pdf>
File: ./img/4path.pdf Graphic file (type pdf)
 <./img/4path.pdf> [72]
File: ./img/mhft.pdf Graphic file (type pdf)
 <./img/mhft.pdf>
File: ./img/mhft_cost.pdf Graphic file (type pdf)

<./img/mhft_cost.pdf> [73] [74]
File: ./img/pair_problem.pdf Graphic file (type pdf)
 <./img/pair_problem.pdf>

LaTeX Warning: Reference `repflow_scenario' on page 75 undefined on input line 
250.

[75] [76]
File: ./img/robin.pdf Graphic file (type pdf)
 <./img/robin.pdf> [77]) [78]
\openout2 = `conclusion.aux'.

 (./conclusion.tex
第8章
) [79



] [80]
\openout2 = `my_work.aux'.

 (./my_work.tex) [81



]
\openout2 = `thanks.aux'.

 (./thanks.tex) [82



]
Underfull \hbox (badness 2884) in paragraph at lines 197--200
[]\OT1/cmr/m/n/12 Jim Lid-dle. Ama-zon found ev-ery 100ms of la-tency cost them

 []


Underfull \hbox (badness 10000) in paragraph at lines 197--200
\OT1/cmr/m/n/12 1% in sales, Au-gust 2008. $\OT1/cmtt/m/n/12 http : / / blog . 
gigaspaces . com /
 []


Underfull \hbox (badness 2103) in paragraph at lines 205--208
[]\OT1/cmr/m/n/12 Facebook. Presto: In-ter-act-ing with petabytes of data at Fa
ce-
 []


Underfull \hbox (badness 10000) in paragraph at lines 205--208
\OT1/cmr/m/n/12 book, $\OT1/cmtt/m/n/12 https : / / www . facebook . com / note
s / facebook-[]engineering /
 []


Underfull \hbox (badness 10000) in paragraph at lines 205--208
\OT1/cmtt/m/n/12 presto-[]interacting-[]with-[]petabytes-[]of-[]data-[]at-[]fac
ebook /
 []

[83


]
Underfull \hbox (badness 10000) in paragraph at lines 228--230
[]\OT1/cmr/m/n/12 Herbert, T. rfs: re-ceive flow steer-ing, septem-ber 2010.
 []

[84]
Underfull \hbox (badness 10000) in paragraph at lines 249--251
[]\OT1/cmr/m/n/12 intel, $\OT1/cmtt/m/n/12 http : / / www . intel . com / conte
nt / www / us / en /
 []


Underfull \hbox (badness 10000) in paragraph at lines 249--251
\OT1/cmtt/m/n/12 network-[]adapters / gigabit-[]network-[]adapters /
 []

[85] [86]
Underfull \hbox (badness 10000) in paragraph at lines 303--306
[]\OT1/cmr/m/n/12 Priority flow con-trol: Build re-li-able layer 2 in-fras-truc
-ture.
 []


Underfull \hbox (badness 10000) in paragraph at lines 303--306
\OT1/cmtt/m/n/12 http : / / www . cisco . com / en / US / prod / collateral / s
witches / ps9441 /
 []

[87] [88] [89

] (./document.aux (./introduction.aux) (./related_work.aux)
(./datacenter_network.aux) (./motivated_work.aux) (./proposal.aux)
(./evaluation.aux) (./consideration.aux) (./conclusion.aux) (./my_work.aux)
(./thanks.aux))

LaTeX Warning: There were undefined references.


LaTeX Warning: There were multiply-defined labels.

 ) 
Here is how much of TeX's memory you used:
 3311 strings out of 493792
 41997 string characters out of 6151490
 350414 words of memory out of 5000000
 6556 multiletter control sequences out of 15000+600000
 28966 words of font info for 138 fonts, out of 8000000 for 9000
 934 hyphenation exceptions out of 8191
 29i,16n,35p,30059b,600s stack positions out of 5000i,500n,10000p,200000b,80000s

Output written on document.dvi (96 pages, 340012 bytes).
